Starting Open-Loop Test...
Number of client threads: 20
Target arrival rate per client: 2500 Hz
Running for 10 seconds.
Target Server: 127.0.0.1:65432
All client threads launched. Running workload...
Time limit reached. Signaling threads to stop...
Waiting for client threads to finish...
Thread Thread 3: 14: 8501 requests still pending in map at exit.Thread 2: 
11465 requests still pending in map at exit.
11170 requests still pending in map at exit.
Thread 10: 9742 requests still pending in map at exit.
Thread 1: 11632 requests still pending in map at exit.
Thread 18: 6732 requests still pending in map at exit.
Thread 19: 6322 requests still pending in map at exit.
Thread 5: 10845 requests still pending in map at exit.
Thread 17: 7108 requests still pending in map at exit.
Thread 7: 10333 requests still pending in map at exit.
Thread 11: 9264 requests still pending in map at exit.
Thread 4: 10919 requests still pending in map at exit.
Thread 15: 8310 requests still pending in map at exit.
Thread 16: 7964 requests still pending in map at exit.
Thread 9: 9954 requests still pending in map at exit.
Thread 0: 12038 requests still pending in map at exit.
Thread 12: 9346 requests still pending in map at exit.
Thread 13: 9052 requests still pending in map at exit.
Thread 8: 10099 requests still pending in map at exit.
Thread 6: 10718 requests still pending in map at exit.
All client threads have finished.
Processing results for 313800 completed requests...
-------------------- Results --------------------
Mode:                     Open Loop (2 Threads/Client, ID Matching)
Clients:                  20
Target Rate (per client): 2500 Hz
Target Rate (total):      50000 Hz
Total Requests Completed: 313800
Test Duration:            10 seconds
Achieved Throughput:      31380 req/sec
Latency (microseconds) for completed requests:
  Average: 794.525
  p50:          799
  p90:          1095
  p95:          1164
  p99:          1302
-------------------------------------------------