Starting Closed-Loop Test...
Number of client threads: 4
Running for 10 seconds.
Target Server: 127.0.0.1:65432
All client threads launched. Running workload...
Time limit reached. Signaling threads to stop...
Waiting for client threads to finish...
All client threads have finished.
Processing results for 351621 completed requests...
-------------------- Results --------------------
Mode:                     Closed Loop
Clients:                  4
Total Requests Completed: 351621
Test Duration:            10 seconds
Achieved Throughput:      35162.1 req/sec
Latency (microseconds):
  Average: 113.352
  p50:          112
  p90:          131
  p95:          137
  p99:          148
-------------------------------------------------
