Starting Closed-Loop Test...
Number of client threads: 16
Running for 10 seconds.
Target Server: 127.0.0.1:65432
All client threads launched. Running workload...
Time limit reached. Signaling threads to stop...
Waiting for client threads to finish...
All client threads have finished.
Processing results for 571839 completed requests...
-------------------- Results --------------------
Mode:                     Closed Loop
Clients:                  16
Total Requests Completed: 571839
Test Duration:            10 seconds
Achieved Throughput:      57183.9 req/sec
Latency (microseconds):
  Average: 281.454
  p50:          277
  p90:          332
  p95:          354
  p99:          408
-------------------------------------------------
