Starting Closed-Loop Test...
Number of client threads: 64
Running for 10 seconds.
Target Server: 127.0.0.1:65432
All client threads launched. Running workload...
Time limit reached. Signaling threads to stop...
Waiting for client threads to finish...
All client threads have finished.
Processing results for 662306 completed requests...
-------------------- Results --------------------
Mode:                     Closed Loop
Clients:                  64
Total Requests Completed: 662306
Test Duration:            10 seconds
Achieved Throughput:      66230.6 req/sec
Latency (microseconds):
  Average: 997.374
  p50:          1007
  p90:          1131
  p95:          1187
  p99:          1352
-------------------------------------------------
