Starting Closed-Loop Test...
Number of client threads: 32
Running for 10 seconds.
Target Server: 127.0.0.1:65432
All client threads launched. Running workload...
Time limit reached. Signaling threads to stop...
Waiting for client threads to finish...
All client threads have finished.
Processing results for 673407 completed requests...
-------------------- Results --------------------
Mode:                     Closed Loop
Clients:                  32
Total Requests Completed: 673407
Test Duration:            10 seconds
Achieved Throughput:      67340.7 req/sec
Latency (microseconds):
  Average: 482.372
  p50:          481
  p90:          548
  p95:          576
  p99:          651
-------------------------------------------------
