Starting Closed-Loop Test...
Number of client threads: 8
Running for 10 seconds.
Target Server: 127.0.0.1:65432
All client threads launched. Running workload...
Time limit reached. Signaling threads to stop...
Waiting for client threads to finish...
All client threads have finished.
Processing results for 436030 completed requests...
-------------------- Results --------------------
Mode:                     Closed Loop
Clients:                  8
Total Requests Completed: 436030
Test Duration:            10 seconds
Achieved Throughput:      43603 req/sec
Latency (microseconds):
  Average: 183.548
  p50:          181
  p90:          214
  p95:          227
  p99:          255
-------------------------------------------------
