Starting Closed-Loop Test...
Number of client threads: 512
Running for 10 seconds.
Target Server: 127.0.0.1:65432
All client threads launched. Running workload...
Time limit reached. Signaling threads to stop...
Waiting for client threads to finish...
All client threads have finished.
Processing results for 828996 completed requests...
-------------------- Results --------------------
Mode:                     Closed Loop
Clients:                  512
Total Requests Completed: 828996
Test Duration:            10 seconds
Achieved Throughput:      82899.6 req/sec
Latency (microseconds):
  Average: 7776.9
  p50:          9317
  p90:          10485
  p95:          10920
  p99:          11857
-------------------------------------------------
