Starting Closed-Loop Test...
Number of client threads: 2
Running for 10 seconds.
Target Server: 127.0.0.1:65432
All client threads launched. Running workload...
Time limit reached. Signaling threads to stop...
Waiting for client threads to finish...
All client threads have finished.
Processing results for 200056 completed requests...
-------------------- Results --------------------
Mode:                     Closed Loop
Clients:                  2
Total Requests Completed: 200056
Test Duration:            10 seconds
Achieved Throughput:      20005.6 req/sec
Latency (microseconds):
  Average: 99.4397
  p50:          99
  p90:          106
  p95:          112
  p99:          125
-------------------------------------------------
