Starting Closed-Loop Test...
Number of client threads: 256
Running for 10 seconds.
Target Server: 127.0.0.1:65432
All client threads launched. Running workload...
Time limit reached. Signaling threads to stop...
Waiting for client threads to finish...
All client threads have finished.
Processing results for 750582 completed requests...
-------------------- Results --------------------
Mode:                     Closed Loop
Clients:                  256
Total Requests Completed: 750582
Test Duration:            10 seconds
Achieved Throughput:      75058.2 req/sec
Latency (microseconds):
  Average: 3848.91
  p50:          4202
  p90:          4647
  p95:          4794
  p99:          5151
-------------------------------------------------
