Starting Open-Loop Test...
Number of client threads: 5
Target arrival rate per client: 7000 Hz
Running for 10 seconds.
Target Server: 127.0.0.1:65432
All client threads launched. Running workload...
Time limit reached. Signaling threads to stop...
Waiting for client threads to finish...
Thread Thread 4: 3: Thread 1: 416 requests still pending in map at exit.
192 requests still pending in map at exit.
294 requests still pending in map at exit.Thread 0: Thread 2: 344 requests still pending in map at exit.
561 requests still pending in map at exit.

All client threads have finished.
Processing results for 351370 completed requests...
-------------------- Results --------------------
Mode:                     Open Loop (2 Threads/Client, ID Matching)
Clients:                  5
Target Rate (per client): 7000 Hz
Target Rate (total):      35000 Hz
Total Requests Completed: 351370
Test Duration:            10 seconds
Achieved Throughput:      35137 req/sec
Latency (microseconds) for completed requests:
  Average: 194.377
  p50:          180
  p90:          289
  p95:          313
  p99:          350
-------------------------------------------------
