Starting Open-Loop Test...
Number of client threads: 5
Target arrival rate per client: 2500 Hz
Running for 10 seconds.
Target Server: 127.0.0.1:65432
All client threads launched. Running workload...
Time limit reached. Signaling threads to stop...
Waiting for client threads to finish...
Thread 3: 2 requests still pending in map at exit.
Thread 0: 1 requests still pending in map at exit.
All client threads have finished.
Processing results for 125376 completed requests...
-------------------- Results --------------------
Mode:                     Open Loop (2 Threads/Client, ID Matching)
Clients:                  5
Target Rate (per client): 2500 Hz
Target Rate (total):      12500 Hz
Total Requests Completed: 125376
Test Duration:            10 seconds
Achieved Throughput:      12537.6 req/sec
Latency (microseconds) for completed requests:
  Average: 135.055
  p50:          144
  p90:          162
  p95:          170
  p99:          190
-------------------------------------------------
