Starting Open-Loop Test...
Number of client threads: 20
Target arrival rate per client: 2000 Hz
Running for 10 seconds.
Target Server: 127.0.0.1:65432
All client threads launched. Running workload...
Time limit reached. Signaling threads to stop...
Waiting for client threads to finish...
Thread 9: 1 requests still pending in map at exit.
Thread 18: 1 requests still pending in map at exit.
Thread 13: 2 requests still pending in map at exit.
Thread 1: 1 requests still pending in map at exit.
Thread 2: 1 requests still pending in map at exit.
Thread 12: 1 requests still pending in map at exit.
Thread 8: 1 requests still pending in map at exit.
All client threads have finished.
Processing results for 404236 completed requests...
-------------------- Results --------------------
Mode:                     Open Loop (2 Threads/Client, ID Matching)
Clients:                  20
Target Rate (per client): 2000 Hz
Target Rate (total):      40000 Hz
Total Requests Completed: 404236
Test Duration:            10 seconds
Achieved Throughput:      40423.6 req/sec
Latency (microseconds) for completed requests:
  Average: 210.799
  p50:          200
  p90:          290
  p95:          320
  p99:          420
-------------------------------------------------
