Starting Open-Loop Test...
Number of client threads: 10
Target arrival rate per client: 2000 Hz
Running for 10 seconds.
Target Server: 127.0.0.1:65432
All client threads launched. Running workload...
Time limit reached. Signaling threads to stop...
Waiting for client threads to finish...
Thread 9: 1Thread 6: 1 requests still pending in map at exit.
 requests still pending in map at exit.
Thread 7: 1Thread 8: 1 requests still pending in map at exit.
 requests still pending in map at exit.
Thread 2: 1 requests still pending in map at exit.
Thread 0: 1 requests still pending in map at exit.
All client threads have finished.
Processing results for 201106 completed requests...
-------------------- Results --------------------
Mode:                     Open Loop (2 Threads/Client, ID Matching)
Clients:                  10
Target Rate (per client): 2000 Hz
Target Rate (total):      20000 Hz
Total Requests Completed: 201106
Test Duration:            10 seconds
Achieved Throughput:      20110.6 req/sec
Latency (microseconds) for completed requests:
  Average: 137.102
  p50:          134
  p90:          174
  p95:          185
  p99:          214
-------------------------------------------------
