Starting Open-Loop Test...
Number of client threads: 5
Target arrival rate per client: 8000 Hz
Running for 10 seconds.
Target Server: 127.0.0.1:65432
All client threads launched. Running workload...
Time limit reached. Signaling threads to stop...
Waiting for client threads to finish...
Thread Thread 0: 2: 921Thread 3: 567 requests still pending in map at exit.
1182 requests still pending in map at exit.Thread 1: 933 requests still pending in map at exit.
Thread 4: 
 requests still pending in map at exit.
508 requests still pending in map at exit.
All client threads have finished.
Processing results for 397094 completed requests...
-------------------- Results --------------------
Mode:                     Open Loop (2 Threads/Client, ID Matching)
Clients:                  5
Target Rate (per client): 8000 Hz
Target Rate (total):      40000 Hz
Total Requests Completed: 397094
Test Duration:            10 seconds
Achieved Throughput:      39709.4 req/sec
Latency (microseconds) for completed requests:
  Average: 228.024
  p50:          230
  p90:          280
  p95:          294
  p99:          328
-------------------------------------------------
