Starting Open-Loop Test...
Number of client threads: 5
Target arrival rate per client: 500 Hz
Running for 10 seconds.
Target Server: 127.0.0.1:65432
All client threads launched. Running workload...
Time limit reached. Signaling threads to stop...
Waiting for client threads to finish...
Thread 3: 1 requests still pending in map at exit.
Thread 4: 1 requests still pending in map at exit.
All client threads have finished.
Processing results for 25078 completed requests...
-------------------- Results --------------------
Mode:                     Open Loop (2 Threads/Client, ID Matching)
Clients:                  5
Target Rate (per client): 500 Hz
Target Rate (total):      2500 Hz
Total Requests Completed: 25078
Test Duration:            10 seconds
Achieved Throughput:      2507.8 req/sec
Latency (microseconds) for completed requests:
  Average: 153.926
  p50:          153
  p90:          186
  p95:          201
  p99:          225
-------------------------------------------------
