Starting Open-Loop Test...
Number of client threads: 5
Target arrival rate per client: 7500 Hz
Running for 10 seconds.
Target Server: 127.0.0.1:65432
All client threads launched. Running workload...
Time limit reached. Signaling threads to stop...
Waiting for client threads to finish...
Thread Thread 0: 1128 requests still pending in map at exit.
3: 665Thread 2: 1081 requests still pending in map at exit.Thread 4: 425Thread 1: 1038 requests still pending in map at exit.
 requests still pending in map at exit.

 requests still pending in map at exit.
All client threads have finished.
Processing results for 372735 completed requests...
-------------------- Results --------------------
Mode:                     Open Loop (2 Threads/Client, ID Matching)
Clients:                  5
Target Rate (per client): 7500 Hz
Target Rate (total):      37500 Hz
Total Requests Completed: 372735
Test Duration:            10 seconds
Achieved Throughput:      37273.5 req/sec
Latency (microseconds) for completed requests:
  Average: 217.809
  p50:          222
  p90:          294
  p95:          314
  p99:          350
-------------------------------------------------
