Starting Open-Loop Test...
Number of client threads: 20
Target arrival rate per client: 750 Hz
Running for 10 seconds.
Target Server: 127.0.0.1:65432
All client threads launched. Running workload...
Time limit reached. Signaling threads to stop...
Waiting for client threads to finish...
Thread 16: 1 requests still pending in map at exit.
Thread 4: 1 requests still pending in map at exit.
All client threads have finished.
Processing results for 151635 completed requests...
-------------------- Results --------------------
Mode:                     Open Loop (2 Threads/Client, ID Matching)
Clients:                  20
Target Rate (per client): 750 Hz
Target Rate (total):      15000 Hz
Total Requests Completed: 151635
Test Duration:            10 seconds
Achieved Throughput:      15163.5 req/sec
Latency (microseconds) for completed requests:
  Average: 173.828
  p50:          168
  p90:          225
  p95:          243
  p99:          302
-------------------------------------------------
