Starting Open-Loop Test...
Number of client threads: 5
Target arrival rate per client: 6500 Hz
Running for 10 seconds.
Target Server: 127.0.0.1:65432
All client threads launched. Running workload...
Time limit reached. Signaling threads to stop...
Waiting for client threads to finish...
Thread 3: 113 requests still pending in map at exit.
Thread 0: 149 requests still pending in map at exit.
Thread 4: 75 requests still pending in map at exit.
Thread 1: 159 requests still pending in map at exit.
Thread 2: 103 requests still pending in map at exit.
All client threads have finished.
Processing results for 327182 completed requests...
-------------------- Results --------------------
Mode:                     Open Loop (2 Threads/Client, ID Matching)
Clients:                  5
Target Rate (per client): 6500 Hz
Target Rate (total):      32500 Hz
Total Requests Completed: 327182
Test Duration:            10 seconds
Achieved Throughput:      32718.2 req/sec
Latency (microseconds) for completed requests:
  Average: 155.37
  p50:          150
  p90:          220
  p95:          268
  p99:          329
-------------------------------------------------
