Starting Open-Loop Test...
Number of client threads: 20
Target arrival rate per client: 1000 Hz
Running for 10 seconds.
Target Server: 127.0.0.1:65432
All client threads launched. Running workload...
Time limit reached. Signaling threads to stop...
Waiting for client threads to finish...
Thread 16: 1 requests still pending in map at exit.
Thread 17: 1 requests still pending in map at exit.
Thread 7: 1 requests still pending in map at exit.
All client threads have finished.
Processing results for 202124 completed requests...
-------------------- Results --------------------
Mode:                     Open Loop (2 Threads/Client, ID Matching)
Clients:                  20
Target Rate (per client): 1000 Hz
Target Rate (total):      20000 Hz
Total Requests Completed: 202124
Test Duration:            10 seconds
Achieved Throughput:      20212.4 req/sec
Latency (microseconds) for completed requests:
  Average: 157.392
  p50:          157
  p90:          199
  p95:          221
  p99:          248
-------------------------------------------------
