Starting Open-Loop Test...
Number of client threads: 20
Target arrival rate per client: 3000 Hz
Running for 10 seconds.
Target Server: 127.0.0.1:65432
All client threads launched. Running workload...
Time limit reached. Signaling threads to stop...
Waiting for client threads to finish...
Thread 12: 801 requests still pending in map at exit.
Thread 1: 1604 requests still pending in map at exit.
Thread 2Thread 15: : 858 requests still pending in map at exit.
702 requests still pending in map at exit.
Thread 17Thread 14: 485 requests still pending in map at exit.: 411 requests still pending in map at exit.
Thread 18: 672 requests still pending in map at exit.
Thread 13: 707 requests still pending in map at exit.
Thread 6: 939Thread 9: 813Thread 5: 727
 requests still pending in map at exit.
Thread 0: 1044 requests still pending in map at exit.
Thread 10: 725 requests still pending in map at exit.
Thread 11: 543 requests still pending in map at exit.
Thread 3Thread 4: 1377 requests still pending in map at exit.
: Thread 8 requests still pending in map at exit.
Thread 19: 518 requests still pending in map at exit.
: 584 requests still pending in map at exit.956Thread 7: 994 requests still pending in map at exit.
 requests still pending in map at exit.

 requests still pending in map at exit.
Thread 16: 610 requests still pending in map at exit.
All client threads have finished.
Processing results for 590897 completed requests...
-------------------- Results --------------------
Mode:                     Open Loop (2 Threads/Client, ID Matching)
Clients:                  20
Target Rate (per client): 3000 Hz
Target Rate (total):      60000 Hz
Total Requests Completed: 590897
Test Duration:            10 seconds
Achieved Throughput:      59089.7 req/sec
Latency (microseconds) for completed requests:
  Average: 429.411
  p50:          406
  p90:          642
  p95:          709
  p99:          800
-------------------------------------------------
