Starting Open-Loop Test...
Number of client threads: 20
Target arrival rate per client: 2500 Hz
Running for 10 seconds.
Target Server: 127.0.0.1:65432
All client threads launched. Running workload...
Time limit reached. Signaling threads to stop...
Waiting for client threads to finish...
Thread 19: 531 requests still pending in map at exit.
Thread 7: 588 requests still pending in map at exit.
Thread 4: 614 requests still pending in map at exit.
Thread 8: 610 requests still pending in map at exit.
Thread 13: 544 requests still pending in map at exit.
Thread 18: 501 requests still pending in map at exit.
Thread 14: 541 requests still pending in map at exit.
Thread 11: 565 requests still pending in map at exit.
Thread 0: 665 requests still pending in map at exit.
Thread 5: 616 requests still pending in map at exit.
Thread 17: 542 requests still pending in map at exit.
Thread 6: 588 requests still pending in map at exit.
Thread 16: 551 requests still pending in map at exit.
Thread 10: 550 requests still pending in map at exit.
Thread 1: 636 requests still pending in map at exit.
Thread 9: 587 requests still pending in map at exit.
Thread 15: 554 requests still pending in map at exit.
Thread 2: 643 requests still pending in map at exit.
Thread 3: 631 requests still pending in map at exit.
Thread 12: 568 requests still pending in map at exit.
All client threads have finished.
Processing results for 493675 completed requests...
-------------------- Results --------------------
Mode:                     Open Loop (2 Threads/Client, ID Matching)
Clients:                  20
Target Rate (per client): 2500 Hz
Target Rate (total):      50000 Hz
Total Requests Completed: 493675
Test Duration:            10 seconds
Achieved Throughput:      49367.5 req/sec
Latency (microseconds) for completed requests:
  Average: 337.896
  p50:          285
  p90:          574
  p95:          794
  p99:          1048
-------------------------------------------------
