Starting Open-Loop Test...
Number of client threads: 20
Target arrival rate per client: 4000 Hz
Running for 10 seconds.
Target Server: 127.0.0.1:65432
All client threads launched. Running workload...
Time limit reached. Signaling threads to stop...
Waiting for client threads to finish...
Thread 2: 12077 requests still pending in map at exit.
Thread 8: 11162 requests still pending in map at exit.
Thread 7: 11065 requests still pending in map at exit.Thread 6
: 11376Thread 17: 10735 requests still pending in map at exit.
Thread 13 requests still pending in map at exit.
: 10604 requests still pending in map at exit.
Thread 0: 12569Thread 12: 10891 requests still pending in map at exit.
Thread 9 requests still pending in map at exit.Thread 15: Thread 18: 10316 requests still pending in map at exit.
Thread 1: 12165 requests still pending in map at exit.
Thread 10
10715 requests still pending in map at exit.
: 11051 requests still pending in map at exit.
Thread 5Thread 19: 10688 requests still pending in map at exit.
: 11123 requests still pending in map at exit.
Thread 3Thread 11: 10919: 11894 requests still pending in map at exit.
: 11423 requests still pending in map at exit.
 requests still pending in map at exit.Thread 4: 11880 requests still pending in map at exit.

Thread 16: 10376 requests still pending in map at exit.
Thread 14: 10786 requests still pending in map at exit.
All client threads have finished.
Processing results for 584656 completed requests...
-------------------- Results --------------------
Mode:                     Open Loop (2 Threads/Client, ID Matching)
Clients:                  20
Target Rate (per client): 4000 Hz
Target Rate (total):      80000 Hz
Total Requests Completed: 584656
Test Duration:            10 seconds
Achieved Throughput:      58465.6 req/sec
Latency (microseconds) for completed requests:
  Average: 502.91
  p50:          502
  p90:          707
  p95:          754
  p99:          830
-------------------------------------------------
