Starting Open-Loop Test...
Number of client threads: 5
Target arrival rate per client: 2000 Hz
Running for 10 seconds.
Target Server: 127.0.0.1:65432
All client threads launched. Running workload...
Time limit reached. Signaling threads to stop...
Waiting for client threads to finish...
Thread 1: 1 requests still pending in map at exit.
All client threads have finished.
Processing results for 100302 completed requests...
-------------------- Results --------------------
Mode:                     Open Loop (2 Threads/Client, ID Matching)
Clients:                  5
Target Rate (per client): 2000 Hz
Target Rate (total):      10000 Hz
Total Requests Completed: 100302
Test Duration:            10 seconds
Achieved Throughput:      10030.2 req/sec
Latency (microseconds) for completed requests:
  Average: 144.162
  p50:          150
  p90:          176
  p95:          183
  p99:          200
-------------------------------------------------
