Starting Open-Loop Test...
Number of client threads: 5
Target arrival rate per client: 1000 Hz
Running for 10 seconds.
Target Server: 127.0.0.1:65432
All client threads launched. Running workload...
Time limit reached. Signaling threads to stop...
Waiting for client threads to finish...
Thread 3: 1 requests still pending in map at exit.
All client threads have finished.
Processing results for 50153 completed requests...
-------------------- Results --------------------
Mode:                     Open Loop (2 Threads/Client, ID Matching)
Clients:                  5
Target Rate (per client): 1000 Hz
Target Rate (total):      5000 Hz
Total Requests Completed: 50153
Test Duration:            10 seconds
Achieved Throughput:      5015.3 req/sec
Latency (microseconds) for completed requests:
  Average: 132.684
  p50:          130
  p90:          167
  p95:          187
  p99:          199
-------------------------------------------------
