Starting Open-Loop Test...
Number of client threads: 5
Target arrival rate per client: 4000 Hz
Running for 10 seconds.
Target Server: 127.0.0.1:65432
All client threads launched. Running workload...
Time limit reached. Signaling threads to stop...
Waiting for client threads to finish...
Thread 2: 1 requests still pending in map at exit.
Thread 4: 1 requests still pending in map at exit.
Thread 0: 2 requests still pending in map at exit.
Thread 1: 1 requests still pending in map at exit.
All client threads have finished.
Processing results for 200598 completed requests...
-------------------- Results --------------------
Mode:                     Open Loop (2 Threads/Client, ID Matching)
Clients:                  5
Target Rate (per client): 4000 Hz
Target Rate (total):      20000 Hz
Total Requests Completed: 200598
Test Duration:            10 seconds
Achieved Throughput:      20059.8 req/sec
Latency (microseconds) for completed requests:
  Average: 123.283
  p50:          122
  p90:          157
  p95:          165
  p99:          186
-------------------------------------------------
