Starting Open-Loop Test...
Number of client threads: 5
Target arrival rate per client: 9000 Hz
Running for 10 seconds.
Target Server: 127.0.0.1:65432
All client threads launched. Running workload...
WARNING: Could not parse request ID from response part: 'clie'
Thread 2: WARNING: Failed to parse request ID from received data.
Time limit reached. Signaling threads to stop...
Waiting for client threads to finish...
Thread 1: 5688 requests still pending in map at exit.
Thread 3: 4360 requests still pending in map at exit.
Thread 2: 5139 requests still pending in map at exit.
Thread 0: 5708 requests still pending in map at exit.
Thread 4: 4635 requests still pending in map at exit.
All client threads have finished.
Processing results for 426278 completed requests...
-------------------- Results --------------------
Mode:                     Open Loop (2 Threads/Client, ID Matching)
Clients:                  5
Target Rate (per client): 9000 Hz
Target Rate (total):      45000 Hz
Total Requests Completed: 426278
Test Duration:            10 seconds
Achieved Throughput:      42627.8 req/sec
Latency (microseconds) for completed requests:
  Average: 214.783
  p50:          221
  p90:          281
  p95:          294
  p99:          327
-------------------------------------------------
