Starting Open-Loop Test...
Number of client threads: 20
Target arrival rate per client: 2250 Hz
Running for 10 seconds.
Target Server: 127.0.0.1:65432
All client threads launched. Running workload...
Time limit reached. Signaling threads to stop...
Waiting for client threads to finish...
Thread 14: 4 requests still pending in map at exit.
Thread 5: 2 requests still pending in map at exit.
Thread 19: 1 requests still pending in map at exit.
Thread 17: 1 requests still pending in map at exit.
Thread 18: 2 requests still pending in map at exit.
Thread 4: Thread 15: 1 requests still pending in map at exit.
Thread 3: 5 requests still pending in map at exit.
Thread 12: 35 requests still pending in map at exit. requests still pending in map at exit.

Thread 6: 2 requests still pending in map at exit.Thread Thread 10: Thread 16: 1 requests still pending in map at exit.
1: 
Thread 8: 1 requests still pending in map at exit.
Thread 9: 6 requests still pending in map at exit.
Thread 25 requests still pending in map at exit.
Thread 7: 2 requests still pending in map at exit.
: 1 requests still pending in map at exit.
5 requests still pending in map at exit.Thread 0: 4 requests still pending in map at exit.

Thread 11: 4 requests still pending in map at exit.
Thread 13: 2 requests still pending in map at exit.
All client threads have finished.
Processing results for 455175 completed requests...
-------------------- Results --------------------
Mode:                     Open Loop (2 Threads/Client, ID Matching)
Clients:                  20
Target Rate (per client): 2250 Hz
Target Rate (total):      45000 Hz
Total Requests Completed: 455175
Test Duration:            10 seconds
Achieved Throughput:      45517.5 req/sec
Latency (microseconds) for completed requests:
  Average: 284.887
  p50:          247
  p90:          469
  p95:          516
  p99:          627
-------------------------------------------------
