Starting Open-Loop Test...
Number of client threads: 20
Target arrival rate per client: 500 Hz
Running for 10 seconds.
Target Server: 127.0.0.1:65432
All client threads launched. Running workload...
Time limit reached. Signaling threads to stop...
Waiting for client threads to finish...
Thread 18: 1 requests still pending in map at exit.
All client threads have finished.
Processing results for 101068 completed requests...
-------------------- Results --------------------
Mode:                     Open Loop (2 Threads/Client, ID Matching)
Clients:                  20
Target Rate (per client): 500 Hz
Target Rate (total):      10000 Hz
Total Requests Completed: 101068
Test Duration:            10 seconds
Achieved Throughput:      10106.8 req/sec
Latency (microseconds) for completed requests:
  Average: 146.574
  p50:          151
  p90:          186
  p95:          200
  p99:          235
-------------------------------------------------
