Starting Open-Loop Test...
Number of client threads: 5
Target arrival rate per client: 6000 Hz
Running for 10 seconds.
Target Server: 127.0.0.1:65432
All client threads launched. Running workload...
Time limit reached. Signaling threads to stop...
Waiting for client threads to finish...
Thread 4: Thread 3: 13 requests still pending in map at exit.
16 requests still pending in map at exit.
Thread 0: 22 requests still pending in map at exit.
Thread 1: 17 requests still pending in map at exit.Thread 2: 26 requests still pending in map at exit.

All client threads have finished.
Processing results for 302025 completed requests...
-------------------- Results --------------------
Mode:                     Open Loop (2 Threads/Client, ID Matching)
Clients:                  5
Target Rate (per client): 6000 Hz
Target Rate (total):      30000 Hz
Total Requests Completed: 302025
Test Duration:            10 seconds
Achieved Throughput:      30202.5 req/sec
Latency (microseconds) for completed requests:
  Average: 128.912
  p50:          126
  p90:          168
  p95:          174
  p99:          215
-------------------------------------------------
