Starting Open-Loop Test...
Number of client threads: 5
Target arrival rate per client: 1500 Hz
Running for 10 seconds.
Target Server: 127.0.0.1:65432
All client threads launched. Running workload...
Time limit reached. Signaling threads to stop...
Waiting for client threads to finish...
All client threads have finished.
Processing results for 75304 completed requests...
-------------------- Results --------------------
Mode:                     Open Loop (2 Threads/Client, ID Matching)
Clients:                  5
Target Rate (per client): 1500 Hz
Target Rate (total):      7500 Hz
Total Requests Completed: 75304
Test Duration:            10 seconds
Achieved Throughput:      7530.4 req/sec
Latency (microseconds) for completed requests:
  Average: 125.367
  p50:          124
  p90:          157
  p95:          165
  p99:          187
-------------------------------------------------
