Starting Open-Loop Test...
Number of client threads: 5
Target arrival rate per client: 8000 Hz
Running for 10 seconds.
Target Server: 127.0.0.1:65432
All client threads launched. Running workload...
Time limit reached. Signaling threads to stop...
Waiting for client threads to finish...
Thread 1: 658 requests still pending in map at exit.
Thread 2: 502 requests still pending in map at exit.Thread 4: 
319Thread 0: 487Thread 3 requests still pending in map at exit.
: 636 requests still pending in map at exit.
 requests still pending in map at exit.
All client threads have finished.
Processing results for 398605 completed requests...
-------------------- Results --------------------
Mode:                     Open Loop (2 Threads/Client, ID Matching)
Clients:                  5
Target Rate (per client): 8000 Hz
Target Rate (total):      40000 Hz
Total Requests Completed: 398605
Test Duration:            10 seconds
Achieved Throughput:      39860.5 req/sec
Latency (microseconds) for completed requests:
  Average: 165.395
  p50:          154
  p90:          244
  p95:          272
  p99:          318
-------------------------------------------------
