Starting Open-Loop Test...
Number of client threads: 20
Target arrival rate per client: 2750 Hz
Running for 10 seconds.
Target Server: 127.0.0.1:65432
All client threads launched. Running workload...
Time limit reached. Signaling threads to stop...
Waiting for client threads to finish...
Thread 15: 392 requests still pending in map at exit.
Thread 10: 417 requests still pending in map at exit.
Thread 16: 384 requests still pending in map at exit.
Thread 1: 460 requests still pending in map at exit.
Thread 0: 483 requests still pending in map at exit.
Thread 6: 423Thread 18 requests still pending in map at exit.
: 391 requests still pending in map at exit.
Thread 11: 406 requests still pending in map at exit.
Thread 4: 425 requests still pending in map at exit.Thread 17: 386 requests still pending in map at exit.

Thread 3: 442 requests still pending in map at exit.
Thread 9: 417 requests still pending in map at exit.
Thread 5: 422 requests still pending in map at exit.
Thread 13: 411 requests still pending in map at exit.
Thread 2: 455 requests still pending in map at exit.
Thread 8: 420 requests still pending in map at exit.
Thread 7: 415 requests still pending in map at exit.
Thread 14: 418 requests still pending in map at exit.
Thread 19: 392 requests still pending in map at exit.
Thread 12: 393 requests still pending in map at exit.
All client threads have finished.
Processing results for 548449 completed requests...
-------------------- Results --------------------
Mode:                     Open Loop (2 Threads/Client, ID Matching)
Clients:                  20
Target Rate (per client): 2750 Hz
Target Rate (total):      55000 Hz
Total Requests Completed: 548449
Test Duration:            10 seconds
Achieved Throughput:      54844.9 req/sec
Latency (microseconds) for completed requests:
  Average: 308.564
  p50:          282
  p90:          430
  p95:          594
  p99:          921
-------------------------------------------------
