Starting Open-Loop Test...
Number of client threads: 5
Target arrival rate per client: 5000 Hz
Running for 10 seconds.
Target Server: 127.0.0.1:65432
All client threads launched. Running workload...
Time limit reached. Signaling threads to stop...
Waiting for client threads to finish...
Thread 1: Thread Thread 0: 14 requests still pending in map at exit.2: 18 requests still pending in map at exit.
8 requests still pending in map at exit.Thread 3: 4 requests still pending in map at exit.
Thread 4: 20 requests still pending in map at exit.


All client threads have finished.
Processing results for 250692 completed requests...
-------------------- Results --------------------
Mode:                     Open Loop (2 Threads/Client, ID Matching)
Clients:                  5
Target Rate (per client): 5000 Hz
Target Rate (total):      25000 Hz
Total Requests Completed: 250692
Test Duration:            10 seconds
Achieved Throughput:      25069.2 req/sec
Latency (microseconds) for completed requests:
  Average: 123.732
  p50:          119
  p90:          160
  p95:          170
  p99:          198
-------------------------------------------------
